[debug] ----------------------------------------------------------------------
[debug] Command:      /usr/local/bin/node /usr/local/bin/firebase deploy --debug
[debug] CLI Version:  3.9.0
[debug] Platform:     darwin
[debug] Node Version: v7.8.0
[debug] Time:         Sat May 27 2017 15:31:39 GMT-0600 (MDT)
[debug] ----------------------------------------------------------------------
[debug] 
[debug] > command requires scopes: ["email","openid","https://www.googleapis.com/auth/cloudplatformprojects.readonly","https://www.googleapis.com/auth/firebase","https://www.googleapis.com/auth/cloud-platform"]
[debug] > refreshing access token with scopes: ["email","https://www.googleapis.com/auth/cloud-platform","https://www.googleapis.com/auth/cloudplatformprojects.readonly","https://www.googleapis.com/auth/firebase","openid"]
[debug] >>> HTTP REQUEST POST https://www.googleapis.com/oauth2/v3/token { refresh_token: '1/IfEpeBXMfZBDEYvirjHmstPIf6Uq2bGMzQQQkZmCq2s',
  client_id: '563584335869-fgrhgmd47bqnekij5i8b5pr03ho849e6.apps.googleusercontent.com',
  client_secret: 'j9iVZfS8kkCEFUPaAeJV0sAi',
  grant_type: 'refresh_token',
  scope: 'email https://www.googleapis.com/auth/cloud-platform https://www.googleapis.com/auth/cloudplatformprojects.readonly https://www.googleapis.com/auth/firebase openid' } 
 Sat May 27 2017 15:31:39 GMT-0600 (MDT)
[debug] <<< HTTP RESPONSE 200
[debug] >>> HTTP REQUEST GET https://admin.firebase.com/v1/projects/denver-illiterati  
 Sat May 27 2017 15:31:39 GMT-0600 (MDT)
[debug] <<< HTTP RESPONSE 200
[debug] >>> HTTP REQUEST GET https://admin.firebase.com/v1/database/denver-illiterati/tokens  
 Sat May 27 2017 15:31:39 GMT-0600 (MDT)
[debug] <<< HTTP RESPONSE 200
[info] 
[info] === Deploying to 'denver-illiterati'...
[info] 
[info] i  deploying database, hosting
[info] ✔  database: rules ready to deploy.
[info] i  hosting: preparing dist directory for upload...
[debug] >>> HTTP REQUEST PUT https://deploy.firebase.com/v1/hosting/denver-illiterati/uploads/-KlAoaqqvAcnq6AMZgBH?fileCount=25&message=  
 Sat May 27 2017 15:31:41 GMT-0600 (MDT)
[debug] <<< HTTP RESPONSE 200
[debug] [hosting] .tgz uploaded successfully, waiting for extraction
[info] ✔  hosting: 25 files uploaded successfully
[info] i  starting release process (may take several minutes)...
[debug] >>> HTTP REQUEST POST https://deploy.firebase.com/v1/projects/denver-illiterati/releases { database: { rulesString: '{\n  "rules": {\n    ".read": "auth != null",\n    ".write": "auth != null"\n  }\n}\n' },
  hosting: 
   { public: 'dist',
     rewrites: [ [Object] ],
     version: '-KlAoaqqvAcnq6AMZgBH',
     prefix: '-KlAoaqqvAcnq6AMZgBH/',
     manifest: [] } } 
 Sat May 27 2017 15:31:50 GMT-0600 (MDT)
[debug] <<< HTTP RESPONSE 200
[info] 
[info] ✔  Deploy complete!
[info] 
[info] Project Console: https://console.firebase.google.com/project/denver-illiterati/overview
[info] Hosting URL: https://denver-illiterati.firebaseapp.com
